<?xml version="1.0" encoding="UTF-8"?>
<!-- Generated by org.testng.reporters.JUnitXMLReporter -->
<testsuite ignored="0" hostname="DESKTOP-N3NJ75N" failures="0" tests="3" name="Test" time="29.375" errors="0" timestamp="2024-08-05T00:15:18 IST">
  <testcase classname="Test_Scenarios.TestMethodsGoogleSearch" name="searchOperation" time="3.818"/>
  <testcase classname="Test_Scenarios.TestMethodsGoogleSearch" name="verifyAndAccessFacebook" time="4.942"/>
  <testcase classname="Test_Scenarios.TestMethodsGoogleSearch" name="verifyLogin" time="12.528"/>
</testsuite> <!-- Test -->
